logic_my_suite/sin : i/o =     24/     25  and =    5416  lev =  225 (204.28)  mem = 0.06 MB
Enter abc.c/Abc_CommandAbc9Fraig()
Enter cecCore.c/Cec_ManSatSweeping()
Simulating 4 words for 10 rounds. SAT solving with 1000000 conflicts.
cst =    5416  cls =      0  lit =    5416  unused =      24  proof =     0
cst =     124  cls =    333  lit =     688  unused =    4419  proof =     0
cst =      42  cls =     46  lit =     160  unused =    5234  proof =     0
cst =      33  cls =     50  lit =     143  unused =    5247  proof =     0
cst =      33  cls =     50  lit =     136  unused =    5254  proof =     0
cst =      32  cls =     45  lit =     127  unused =    5268  proof =     0
cst =      32  cls =     44  lit =     126  unused =    5270  proof =     0
cst =      32  cls =     43  lit =     125  unused =    5272  proof =     0

----the 1 round of Cec_ManSatSweeping----
>>>Cec_ManFraSpecReduction
    p->pAig size: 5466
    adding iMiter for 52 times (trial: 125)
    adding and for 5416 times
<<<Cec_ManFraSpecReduction
logic_my_suite/sin : i/o =     24/     52  and =    5370  lev =  212 (129.85)  mem = 0.06 MB
size of pSrm->vCos: 52
Enter cecSolve.c/Cec_ManSatSolve_Pthread()  #thread=10(20)
  1 : P =      0. D =      1. F =     0. M =       0. And =    5416. Time =     0.59 sec
after the round, p->pAig is like:
logic_my_suite/sin : i/o =     24/     25  and =    5416  lev =  225 (204.28)  mem = 0.06 MB
cst =      30  cls =     42  lit =     107  unused =    5291  proof =     0

----the 2 round of Cec_ManSatSweeping----
>>>Cec_ManFraSpecReduction
    p->pAig size: 5466
    adding iMiter for 38 times (trial: 107)
    adding and for 5416 times
<<<Cec_ManFraSpecReduction
logic_my_suite/sin : i/o =     24/     38  and =    5343  lev =  214 (123.39)  mem = 0.06 MB
size of pSrm->vCos: 38
Enter cecSolve.c/Cec_ManSatSolve_Pthread()  #thread=10(20)
  2 : P =      0. D =      1. F =     0. M =       0. And =    5416. Time =     0.59 sec
after the round, p->pAig is like:
logic_my_suite/sin : i/o =     24/     25  and =    5416  lev =  225 (204.28)  mem = 0.06 MB
cst =      25  cls =     42  lit =      94  unused =    5304  proof =     0

----the 3 round of Cec_ManSatSweeping----
>>>Cec_ManFraSpecReduction
    p->pAig size: 5466
    adding iMiter for 38 times (trial: 94)
    adding and for 5416 times
<<<Cec_ManFraSpecReduction
logic_my_suite/sin : i/o =     24/     38  and =    5373  lev =  216 (124.87)  mem = 0.06 MB
size of pSrm->vCos: 38
Enter cecSolve.c/Cec_ManSatSolve_Pthread()  #thread=10(20)
>>>> print the TFI of node 5303 (cnf)
 -756(and) <-   -129(and) &   -192(and)
 1121(and) <-    459(and) & ! -467(and)
 1122(and) <- ! -175(and) &   1121(and)
 1123(and) <- ! -213(and) &   1122(and)
 1124(and) <- ! -217(and) &   1123(and)
 1125(and) <- ! -503(and) &   1124(and)
 1126(and) <- ! -357(and) &   1125(and)
 1127(and) <- ! -344(and) &   1126(and)
 2389(and) <- ! -254(and) & ! -448(and)
 2390(and) <- ! -569(and) &   2389(and)
 2391(and) <- ! -193(and) & ! -236(and)
 2392(and) <-   2390(and) &   2391(and)
 2393(and) <-    926(and) &   2392(and)
 2394(and) <- ! -187(and) &   2393(and)
 2395(and) <- ! -326(and) &   2394(and)
 2396(and) <- ! -347(and) &   2395(and)
 2397(and) <- ! -328(and) &   2396(and)
 2398(and) <- ! -190(and) &   2397(and)
 2399(and) <- ! -502(and) &   2398(and)
 5025(and) <- ! -176(and) & ! -185(and)
 5026(and) <- ! -206(and) &   5025(and)
 5027(and) <- ! -233(and) &   5026(and)
 5028(and) <- ! -334(and) &   5027(and)
-5214(and) <- ! -336(and) &   1157(and)
-5215(and) <- ! -327(and) &  -5214(and)
-5216(and) <- ! -253(and) &  -5215(and)
-5217(and) <-    986(and) &  -5216(and)
-5218(and) <-    343(and) &  -5217(and)
-5219(and) <-   5028(and) &  -5218(and)
-5220(and) <-   2399(and) &  -5219(and)
-5221(and) <-   1127(and) &  -5220(and)
-5222(and) <- ! -126(and) &  -5221(and)
-5223(and) <- ! -225(and) &  -5222(and)
-5224(and) <- ! -216(and) &  -5223(and)
-5225(and) <- ! -355(and) &  -5224(and)
-5226(and) <- ! -505(and) &  -5225(and)
-5227(and) <- ! -756(and) &  -5226(and)
-5228(and) <-  -2800(and) & ! 3913(and)
-5229(and) <-  -2698(and) &  -4067(and)
 5230(and) <- !-5228(and) & !-5229(and)
 -520(and) <-    -15(ci) &    -23(ci)
  -26(and) <- !    2(ci) & !   -3(ci)
  -27(and) <- !   -1(ci) &    -26(and)
  -28(and) <- !    4(ci) &    -27(and)
  -29(and) <- !    5(ci) &    -28(and)
  -30(and) <- !   -6(ci) &    -29(and)
  -31(and) <- !   -7(ci) &    -30(and)
>>>> print the TFI of node 5401 (cnf)
  -25(and) <-    -22(ci) &    -23(ci)
  -40(and) <- !   16(ci) &    -39(and)
  -41(and) <- !  -17(ci) &    -40(and)
  -42(and) <- !  -18(ci) &    -41(and)
  -32(and) <- !   -8(ci) &    -31(and)
  -33(and) <- !    9(ci) &    -32(and)
  -63(and) <-    -22(ci) & !  -42(and)
   64(and) <- !  -42(and) & !  -63(and)
   65(and) <- !  -23(ci) &     64(and)
  -66(and) <- !  -25(and) & !   65(and)
  -34(and) <- !   10(ci) &    -33(and)
  -35(and) <- !   11(ci) &    -34(and)
  -36(and) <- !  -12(ci) &    -35(and)
  -37(and) <- !   13(ci) &    -36(and)
  -38(and) <- !  -14(ci) &    -37(and)
  -39(and) <- !  -15(ci) &    -38(and)
 -521(and) <-    -15(ci) & !  -38(and)
  522(and) <- !  -39(and) & ! -521(and)
  -67(and) <-     21(ci) &    -23(ci)
   68(and) <-     21(ci) & !  -42(and)
  -69(and) <- !  -42(and) & !   68(and)
  -70(and) <- !  -23(ci) &    -69(and)
   71(and) <- !  -67(and) & !  -70(and)
  -72(and) <-    -66(and) &     71(and)
  523(and) <- !  -23(ci) &    522(and)
 -524(and) <- ! -520(and) & !  523(and)
  -73(and) <-     16(ci) &    -23(ci)
   74(and) <- !  -23(ci) & !  -40(and)
   75(and) <-     16(ci) & !  -39(and)
  -76(and) <-     74(and) & !   75(and)
  525(and) <- !  -23(ci) & !  -37(and)
 -526(and) <-    -14(ci) & !  525(and)
  527(and) <- !  -14(ci) &    525(and)
 -528(and) <- ! -526(and) & !  527(and)
   77(and) <- !  -73(and) & !  -76(and)
  -78(and) <-    -72(and) &     77(and)
 -697(and) <-     13(ci) &    -23(ci)
  698(and) <-     13(ci) & !  -36(and)
 -699(and) <-    525(and) & !  698(and)
  700(and) <- ! -697(and) & ! -699(and)
-2687(and) <-   -528(and) & !  700(and)
 2688(and) <- ! -528(and) &    700(and)
-2689(and) <- !-2687(and) & ! 2688(and)
 -529(and) <- ! -524(and) &   -528(and)
 -530(and) <-   -524(and) & ! -528(and)
  531(and) <- ! -529(and) & ! -530(and)
  681(and) <- !  -23(ci) & !  -35(and)
 -682(and) <-    -12(ci) & !  681(and)
  683(and) <- !  -12(ci) &    681(and)
 -684(and) <- ! -682(and) & !  683(and)
-2682(and) <-   -684(and) & !  700(and)
  -84(and) <-    -20(ci) & !   74(and)
   85(and) <- !  -20(ci) &     74(and)
  -86(and) <- !  -84(and) & !   85(and)
  -87(and) <-     19(ci) &    -23(ci)
   88(and) <-     19(ci) & !  -42(and)
  -89(and) <-     74(and) & !   88(and)
   90(and) <- !  -87(and) & !  -89(and)
  -91(and) <- !  -86(and) & !   90(and)
  -97(and) <-    -18(ci) & !   74(and)
   98(and) <- !  -18(ci) &     74(and)
  -99(and) <- !  -97(and) & !   98(and)
 -100(and) <-    -17(ci) & !   74(and)
  101(and) <- !  -17(ci) &     74(and)
 -102(and) <- ! -100(and) & !  101(and)
 -103(and) <- !  -99(and) &   -102(and)
 -104(and) <-    -91(and) &   -103(and)
 2683(and) <- ! -684(and) &    700(and)
-2684(and) <- !-2682(and) & ! 2683(and)
-2799(and) <- !  531(and) &  -2684(and)
-2800(and) <-  -2689(and) &  -2799(and)
 -115(and) <-    -86(and) & !   90(and)
 -120(and) <-    -99(and) & ! -102(and)
 -146(and) <-   -115(and) &   -120(and)
 -325(and) <-    -78(and) &   -146(and)
 -105(and) <-    -78(and) &   -104(and)
 -106(and) <-    -99(and) &   -102(and)
 -107(and) <-    -91(and) &   -106(and)
 -108(and) <-    -66(and) & !   71(and)
 -109(and) <-     77(and) &   -108(and)
 -110(and) <-   -107(and) &   -109(and)
  134(and) <- !  -99(and) & ! -102(and)
 -194(and) <-    -91(and) &    134(and)
 -366(and) <-    -78(and) &   -194(and)
 -469(and) <-    -78(and) &   -107(and)
 -114(and) <- !   77(and) &   -108(and)
 -169(and) <-    -86(and) &     90(and)
 -192(and) <-   -120(and) &   -169(and)
 -494(and) <-   -114(and) &   -192(and)
  111(and) <- !  -86(and) &     90(and)
 -112(and) <-   -106(and) &    111(and)
 -113(and) <-   -109(and) &   -112(and)
 -116(and) <-   -106(and) &   -115(and)
 -117(and) <-   -114(and) &   -116(and)
  150(and) <-    111(and) &    134(and)
 -189(and) <-   -109(and) &    150(and)
 -130(and) <-   -103(and) &   -115(and)
 -301(and) <-   -114(and) &   -130(and)
  992(and) <- ! -189(and) & ! -301(and)
 -121(and) <-    111(and) &   -120(and)
  118(and) <- !  -66(and) &     71(and)
 -119(and) <- !   77(and) &    118(and)
 -122(and) <-   -119(and) &   -121(and)
 -123(and) <- !  -66(and) & !   71(and)
 -124(and) <- !   77(and) &   -123(and)
 -125(and) <-   -103(and) &    111(and)
 -126(and) <-   -124(and) &   -125(and)
 -127(and) <-     77(and) &   -123(and)
 -128(and) <-   -104(and) &   -127(and)
 -131(and) <-   -129(and) &   -130(and)
 -132(and) <-   -104(and) &   -119(and)
 -133(and) <-   -121(and) &   -124(and)
 -135(and) <-   -115(and) &    134(and)
 -136(and) <-   -124(and) &   -135(and)
 -137(and) <-   -127(and) &   -135(and)
 -138(and) <-   -121(and) &   -127(and)
 -139(and) <-   -127(and) &   -130(and)
  140(and) <- ! -138(and) & ! -139(and)
 -141(and) <-   -104(and) &   -109(and)
 -142(and) <-    -91(and) &   -120(and)
 -143(and) <-   -127(and) &   -142(and)
  144(and) <- ! -141(and) & ! -143(and)
 -145(and) <-   -104(and) &   -114(and)
 -147(and) <-   -109(and) &   -146(and)
  148(and) <- ! -145(and) & ! -147(and)
 -149(and) <-   -125(and) &   -127(and)
 -151(and) <-   -127(and) &    150(and)
  152(and) <- ! -149(and) & ! -151(and)
 -129(and) <-    -72(and) & !   77(and)
 -222(and) <-   -121(and) &   -129(and)
 -153(and) <-   -129(and) &   -135(and)
 -154(and) <-   -104(and) &   -124(and)
  155(and) <- ! -153(and) & ! -154(and)
  156(and) <-    152(and) &    155(and)
  157(and) <-    148(and) &    156(and)
  158(and) <-    144(and) &    157(and)
  159(and) <-    140(and) &    158(and)
 -471(and) <-    -78(and) &   -142(and)
 -204(and) <-   -103(and) &   -169(and)
  160(and) <- ! -137(and) &    159(and)
  161(and) <- ! -136(and) &    160(and)
 -357(and) <-   -109(and) &   -204(and)
 -358(and) <-   -109(and) &   -116(and)
 -444(and) <-    -78(and) &   -121(and)
 -346(and) <-   -109(and) &   -194(and)
  162(and) <- ! -133(and) &    161(and)
  163(and) <- ! -132(and) &    162(and)
  172(and) <-     77(and) &    118(and)
 -369(and) <-    172(and) &   -204(and)
 -467(and) <-   -112(and) &   -129(and)
  940(and) <- ! -369(and) & ! -467(and)
  941(and) <- ! -346(and) &    940(and)
  942(and) <- ! -444(and) &    941(and)
  164(and) <- ! -131(and) &    163(and)
 -165(and) <-   -109(and) &   -142(and)
 -166(and) <-   -119(and) &    150(and)
 -167(and) <-    -78(and) &    150(and)
 -168(and) <-   -114(and) &   -121(and)
 -170(and) <-   -106(and) &   -169(and)
 -344(and) <-   -129(and) &   -170(and)
 -756(and) <-   -129(and) &   -192(and)
 -212(and) <-   -170(and) &    172(and)
 -505(and) <-   -109(and) &   -130(and)
 -356(and) <-   -109(and) &   -135(and)
 -171(and) <-   -114(and) &   -170(and)
  173(and) <-    150(and) &    172(and)
 -174(and) <-   -107(and) &   -124(and)
 -175(and) <-   -124(and) &   -142(and)
 -176(and) <-   -116(and) &    172(and)
 -360(and) <-   -114(and) &   -146(and)
  506(and) <- ! -356(and) & ! -360(and)
 -177(and) <-   -107(and) &   -127(and)
  178(and) <- ! -176(and) & ! -177(and)
  507(and) <- ! -505(and) &    506(and)
 2355(and) <- ! -212(and) &    507(and)
  179(and) <- ! -175(and) &    178(and)
  180(and) <- ! -174(and) &    179(and)
 -181(and) <- !  173(and) &    180(and)
 -182(and) <- ! -171(and) &   -181(and)
 -183(and) <- ! -168(and) &   -182(and)
 -184(and) <- ! -167(and) &   -183(and)
 -185(and) <-   -107(and) &   -119(and)
 -186(and) <-    134(and) &   -169(and)
 -187(and) <-   -127(and) &   -186(and)
  188(and) <- ! -185(and) & ! -187(and)
 2356(and) <- ! -756(and) &   2355(and)
 2357(and) <- ! -344(and) &   2356(and)
 -214(and) <-   -116(and) &   -129(and)
  372(and) <- ! -105(and) & ! -214(and)
 -190(and) <-   -116(and) &   -119(and)
 -191(and) <-   -119(and) &   -125(and)
 -193(and) <-   -124(and) &   -192(and)
 -195(and) <-   -127(and) &   -194(and)
  196(and) <- ! -193(and) & ! -195(and)
  197(and) <- ! -191(and) &    196(and)
  198(and) <- ! -190(and) &    197(and)
 -236(and) <-   -129(and) &   -186(and)
 -446(and) <-   -114(and) &    150(and)
  199(and) <- ! -189(and) &    198(and)
  200(and) <-    188(and) &    199(and)
 -201(and) <-   -184(and) &    200(and)
 -202(and) <- ! -166(and) &   -201(and)
 -203(and) <- ! -165(and) &   -202(and)
 -205(and) <-   -114(and) &   -204(and)
 -206(and) <-   -119(and) &   -130(and)
 -207(and) <-   -127(and) &   -146(and)
  208(and) <- ! -206(and) & ! -207(and)
  209(and) <- ! -205(and) &    208(and)
 -210(and) <-   -129(and) &   -146(and)
 -211(and) <-   -114(and) &   -194(and)
 -213(and) <-   -124(and) &   -170(and)
 -215(and) <-   -109(and) &   -125(and)
 -216(and) <-   -119(and) &   -146(and)
 -217(and) <-   -107(and) &    172(and)
 -218(and) <-   -124(and) &   -186(and)
 -219(and) <-   -124(and) &   -130(and)
 -220(and) <-   -124(and) &   -146(and)
 -221(and) <-   -127(and) &   -192(and)
 -223(and) <-   -114(and) &   -125(and)
 -224(and) <-   -119(and) &   -142(and)
 -225(and) <-   -104(and) &    172(and)
 -226(and) <-   -124(and) &    150(and)
 -227(and) <-   -112(and) &   -124(and)
  228(and) <- ! -226(and) & ! -227(and)
  229(and) <- ! -225(and) &    228(and)
  230(and) <- ! -224(and) &    229(and)
  231(and) <- ! -223(and) &    230(and)
 -567(and) <-    -78(and) &   -135(and)
 2301(and) <- ! -446(and) & ! -567(and)
 2302(and) <- ! -236(and) &   2301(and)
  232(and) <- ! -222(and) &    231(and)
 -233(and) <-   -114(and) &   -186(and)
 -476(and) <-   -129(and) &   -142(and)
 -334(and) <-   -109(and) &   -192(and)
 -234(and) <-   -104(and) &   -129(and)
  235(and) <- ! -233(and) & ! -234(and)
 -568(and) <-    -78(and) &   -204(and)
 -614(and) <-    -78(and) &   -116(and)
 -237(and) <-   -129(and) &   -204(and)
  238(and) <- ! -236(and) & ! -237(and)
 2442(and) <- ! -568(and) & ! -614(and)
 2443(and) <- ! -334(and) &   2442(and)
 2444(and) <- ! -110(and) &   2443(and)
 2445(and) <- ! -476(and) &   2444(and)
 -468(and) <-   -125(and) &   -129(and)
 -470(and) <-   -129(and) &   -194(and)
  986(and) <- ! -468(and) & ! -470(and)
 -295(and) <-   -129(and) &    150(and)
 -448(and) <-   -114(and) &   -142(and)
 2446(and) <- ! -295(and) & ! -448(and)
  239(and) <-    235(and) &    238(and)
  240(and) <-    232(and) &    239(and)
  241(and) <- ! -221(and) &    240(and)
  242(and) <- ! -220(and) &    241(and)
 2447(and) <-    986(and) &   2446(and)
 2448(and) <-   2445(and) &   2447(and)
 2449(and) <-   2302(and) &   2448(and)
 2450(and) <-    372(and) &   2449(and)
 2451(and) <-   2357(and) &   2450(and)
 2452(and) <-    942(and) &   2451(and)
 2453(and) <- ! -358(and) &   2452(and)
 2454(and) <- ! -357(and) &   2453(and)
  243(and) <- ! -219(and) &    242(and)
  244(and) <- ! -218(and) &    243(and)
 2455(and) <- ! -471(and) &   2454(and)
 2456(and) <- ! -222(and) &   2455(and)
  245(and) <- ! -217(and) &    244(and)
  246(and) <- ! -216(and) &    245(and)
 -297(and) <-   -112(and) &   -114(and)
  773(and) <- ! -131(and) & ! -297(and)
  247(and) <- ! -215(and) &    246(and)
  248(and) <- ! -214(and) &    247(and)
 -253(and) <-    172(and) &   -192(and)
 -342(and) <-    172(and) &   -186(and)
  453(and) <- ! -253(and) & ! -342(and)
  454(and) <- ! -223(and) &    453(and)
  455(and) <- ! -211(and) &    454(and)
  456(and) <- ! -141(and) &    455(and)
 -350(and) <-    -78(and) &   -112(and)
 -503(and) <-   -114(and) &   -135(and)
  249(and) <- ! -213(and) &    248(and)
  250(and) <- ! -212(and) &    249(and)
 2457(and) <- ! -350(and) & ! -503(and)
 3897(and) <-    235(and) &   2457(and)
 3898(and) <-    456(and) &   3897(and)
 3899(and) <-    773(and) &   3898(and)
 3900(and) <- ! -168(and) &   3899(and)
 3901(and) <- ! -117(and) &   3900(and)
  251(and) <- ! -211(and) &    250(and)
  252(and) <- ! -210(and) &    251(and)
 3902(and) <- ! -165(and) &   3901(and)
 3903(and) <- ! -167(and) &   3902(and)
 -254(and) <-   -119(and) &   -194(and)
  255(and) <- ! -253(and) & ! -254(and)
 -341(and) <-   -107(and) &   -129(and)
 -355(and) <-   -109(and) &   -170(and)
 -502(and) <-   -109(and) &   -121(and)
 -445(and) <-   -119(and) &   -170(and)
 -256(and) <-   -112(and) &    172(and)
 -257(and) <-    -78(and) &   -192(and)
  258(and) <- ! -256(and) & ! -257(and)
  259(and) <-    255(and) &    258(and)
 -323(and) <-    -78(and) &   -170(and)
 -359(and) <-   -119(and) &   -186(and)
 1475(and) <- ! -323(and) & ! -359(and)
 1476(and) <- ! -445(and) &   1475(and)
 1477(and) <- ! -171(and) &   1476(and)
 1478(and) <- ! -502(and) &   1477(and)
 1479(and) <- ! -355(and) &   1478(and)
 1480(and) <- ! -215(and) &   1479(and)
 1481(and) <- ! -341(and) &   1480(and)
 1482(and) <- ! -153(and) &   1481(and)
  260(and) <-    252(and) &    259(and)
  261(and) <-    209(and) &    260(and)
 -296(and) <-   -107(and) &   -114(and)
 -367(and) <-    -78(and) &   -125(and)
 -262(and) <-   -203(and) &    261(and)
 -263(and) <-    164(and) &   -262(and)
 -264(and) <- ! -128(and) &   -263(and)
 -265(and) <- ! -126(and) &   -264(and)
 -266(and) <- ! -122(and) &   -265(and)
 -267(and) <- ! -117(and) &   -266(and)
 -268(and) <- ! -113(and) &   -267(and)
 -269(and) <- ! -110(and) &   -268(and)
 -270(and) <- ! -105(and) &   -269(and)
  271(and) <- !  -23(ci) & !  -29(and)
 -272(and) <-     -6(ci) & !  271(and)
  273(and) <- !   -6(ci) &    271(and)
 -274(and) <- ! -272(and) & !  273(and)
 -275(and) <-      5(ci) &    -23(ci)
  276(and) <-      5(ci) & !  -28(and)
 -277(and) <-    271(and) & !  276(and)
  278(and) <- ! -275(and) & ! -277(and)
 -299(and) <-   -119(and) &   -204(and)
  300(and) <- ! -210(and) & ! -299(and)
 -279(and) <-   -274(and) & !  278(and)
  280(and) <- ! -274(and) &    278(and)
 -281(and) <- ! -279(and) & !  280(and)
  282(and) <- !  -23(ci) & !  -27(and)
 -283(and) <-      4(ci) & !  282(and)
 -284(and) <- !    4(ci) &    282(and)
  285(and) <- ! -283(and) & ! -284(and)
 -286(and) <-     -3(ci) &    -23(ci)
 -287(and) <- !   -1(ci) & !    2(ci)
 -288(and) <-     -3(ci) & ! -287(and)
  289(and) <-    282(and) & ! -288(and)
 -290(and) <- ! -286(and) & !  289(and)
 -457(and) <-   -119(and) &   -192(and)
 -604(and) <-    -78(and) &   -186(and)
  829(and) <- ! -457(and) & ! -604(and)
  830(and) <-    300(and) &    829(and)
  291(and) <-    285(and) & ! -290(and)
 -292(and) <- !  285(and) &   -290(and)
 -293(and) <- !  291(and) & ! -292(and)
 -294(and) <-   -281(and) & ! -293(and)
 -298(and) <-   -121(and) &    172(and)
  302(and) <- ! -110(and) & ! -301(and)
  303(and) <-    178(and) &    302(and)
  304(and) <-    300(and) &    303(and)
  305(and) <- ! -136(and) &    304(and)
  306(and) <- ! -298(and) &    305(and)
  831(and) <-    148(and) &    830(and)
  832(and) <- ! -257(and) &    831(and)
  833(and) <- ! -367(and) &    832(and)
  834(and) <- ! -296(and) &    833(and)
  835(and) <- ! -205(and) &    834(and)
 -314(and) <-   -109(and) &   -186(and)
  307(and) <- ! -190(and) &    306(and)
  308(and) <- ! -297(and) &    307(and)
  315(and) <- ! -113(and) & ! -314(and)
 -569(and) <-    -78(and) &   -130(and)
  570(and) <- ! -237(and) & ! -569(and)
 3904(and) <-    315(and) &    570(and)
 3905(and) <-    835(and) &   3904(and)
 3906(and) <-   1482(and) &   3905(and)
 3907(and) <-   3903(and) &   3906(and)
 3908(and) <-   2456(and) &   3907(and)
  309(and) <- ! -296(and) &    308(and)
  310(and) <- ! -295(and) &    309(and)
 3909(and) <-    992(and) &   3908(and)
 3910(and) <- ! -494(and) &   3909(and)
 3911(and) <- ! -469(and) &   3910(and)
 -311(and) <-    172(and) &   -194(and)
 -312(and) <-   -119(and) &   -135(and)
  313(and) <- ! -220(and) & ! -312(and)
 -316(and) <-   -124(and) &   -204(and)
  317(and) <- ! -128(and) & ! -316(and)
  318(and) <- ! -206(and) &    317(and)
 3912(and) <- ! -366(and) &   3911(and)
 3913(and) <- ! -325(and) &   3912(and)
-5228(and) <-  -2800(and) & ! 3913(and)
  319(and) <-    315(and) &    318(and)
  320(and) <-    313(and) &    319(and)
-2698(and) <- !  531(and) & !-2684(and)
 -349(and) <-   -125(and) &    172(and)
  605(and) <- ! -185(and) & ! -604(and)
  321(and) <- ! -311(and) &    320(and)
  322(and) <- ! -211(and) &    321(and)
 3752(and) <-    238(and) &    605(and)
 3753(and) <- ! -349(and) &   3752(and)
 3754(and) <- ! -122(and) &   3753(and)
 3755(and) <- ! -312(and) &   3754(and)
 3756(and) <- ! -206(and) &   3755(and)
 3757(and) <- ! -444(and) &   3756(and)
 3758(and) <- ! -468(and) &   3757(and)
 -335(and) <-   -112(and) &   -119(and)
  324(and) <- ! -122(and) & ! -323(and)
 -326(and) <-   -135(and) &    172(and)
 -327(and) <-   -127(and) &   -204(and)
 -328(and) <-   -146(and) &    172(and)
  329(and) <- ! -327(and) & ! -328(and)
  330(and) <- ! -254(and) &    329(and)
  474(and) <- ! -190(and) & ! -216(and)
 -347(and) <-   -130(and) &    172(and)
  331(and) <- ! -326(and) &    330(and)
  332(and) <- ! -167(and) &    331(and)
 -414(and) <-   -127(and) &   -170(and)
  652(and) <- ! -311(and) & ! -414(and)
  333(and) <- ! -325(and) &    332(and)
 -336(and) <-   -112(and) &   -127(and)
  337(and) <- ! -187(and) & ! -336(and)
 -927(and) <- !  173(and) & ! -469(and)
-1158(and) <-    652(and) &   -927(and)
-1159(and) <- ! -193(and) &  -1158(and)
-1160(and) <- ! -213(and) &  -1159(and)
-1161(and) <- ! -347(and) &  -1160(and)
-1162(and) <- ! -298(and) &  -1161(and)
-1163(and) <- ! -567(and) &  -1162(and)
-1164(and) <- ! -756(and) &  -1163(and)
  338(and) <- ! -174(and) &    337(and)
  339(and) <- ! -335(and) &    338(and)
  340(and) <- ! -334(and) &    339(and)
  343(and) <- ! -341(and) & ! -342(and)
  345(and) <- ! -149(and) & ! -344(and)
  348(and) <- ! -346(and) & ! -347(and)
  351(and) <- ! -191(and) & ! -225(and)
  352(and) <- ! -350(and) &    351(and)
  353(and) <- ! -216(and) &    352(and)
 -416(and) <-   -142(and) &    172(and)
  574(and) <- ! -224(and) & ! -416(and)
  354(and) <- ! -215(and) &    353(and)
  361(and) <- ! -359(and) & ! -360(and)
  575(and) <- ! -295(and) &    574(and)
  984(and) <- ! -132(and) & ! -256(and)
  985(and) <- ! -367(and) &    984(and)
 1165(and) <-    575(and) &    985(and)
 1166(and) <- ! -323(and) &   1165(and)
-1167(and) <-  -1164(and) &   1166(and)
  362(and) <- ! -358(and) &    361(and)
  363(and) <- ! -357(and) &    362(and)
-1168(and) <-    474(and) &  -1167(and)
-1169(and) <- ! -166(and) &  -1168(and)
  364(and) <- ! -356(and) &    363(and)
  365(and) <- ! -355(and) &    364(and)
-1170(and) <- ! -335(and) &  -1169(and)
-1171(and) <- ! -257(and) &  -1170(and)
-1172(and) <- ! -344(and) &  -1171(and)
-1173(and) <- ! -153(and) &  -1172(and)
-1174(and) <- ! -214(and) &  -1173(and)
 3759(and) <-    352(and) & ! -467(and)
  368(and) <- ! -126(and) & ! -367(and)
  370(and) <-    368(and) & ! -369(and)
 3760(and) <-    333(and) &   3759(and)
-3761(and) <-  -1174(and) &   3760(and)
-3762(and) <-   3758(and) &  -3761(and)
-3763(and) <-   2442(and) &  -3762(and)
-3764(and) <- ! -221(and) &  -3763(and)
-3765(and) <- ! -316(and) &  -3764(and)
-3766(and) <- ! -176(and) &  -3765(and)
-3767(and) <- ! -217(and) &  -3766(and)
-3768(and) <- ! -569(and) &  -3767(and)
  371(and) <- ! -366(and) &    370(and)
  373(and) <-    371(and) &    372(and)
-3769(and) <- ! -210(and) &  -3768(and)
-3770(and) <- ! -131(and) &  -3769(and)
-3771(and) <- ! -222(and) &  -3770(and)
  394(and) <- ! -191(and) & ! -349(and)
  374(and) <-    365(and) &    373(and)
  375(and) <-    354(and) &    374(and)
 -395(and) <- !  173(and) & ! -336(and)
  396(and) <- ! -206(and) & ! -326(and)
 -376(and) <- !  173(and) &    375(and)
 -377(and) <- ! -132(and) &   -376(and)
 -397(and) <-   -395(and) &    396(and)
 -398(and) <-    313(and) &   -397(and)
 -378(and) <- ! -145(and) &   -377(and)
 -379(and) <- ! -222(and) &   -378(and)
 -380(and) <-    155(and) &   -379(and)
 -381(and) <- ! -349(and) &   -380(and)
 -382(and) <-    348(and) &   -381(and)
 -383(and) <-    345(and) &   -382(and)
 -399(and) <-    140(and) &   -398(and)
 -400(and) <- ! -207(and) &   -399(and)
 -401(and) <- ! -227(and) &   -400(and)
 -402(and) <-    394(and) &   -401(and)
 -403(and) <- ! -166(and) &   -402(and)
 -404(and) <-   -116(and) &   -124(and)
 -384(and) <-    258(and) &   -383(and)
 -385(and) <-    343(and) &   -384(and)
 -386(and) <-    340(and) &   -385(and)
  405(and) <- ! -136(and) & ! -256(and)
  406(and) <- ! -335(and) &    405(and)
 -407(and) <-   -116(and) &   -127(and)
  408(and) <- ! -137(and) & ! -407(and)
  409(and) <- ! -219(and) &    408(and)
  410(and) <- ! -298(and) &    409(and)
  411(and) <-    406(and) &    410(and)
  412(and) <- ! -404(and) &    411(and)
  413(and) <- ! -122(and) &    412(and)
 -387(and) <-    333(and) &   -386(and)
 -388(and) <-    324(and) &   -387(and)
  472(and) <- ! -176(and) & ! -328(and)
  473(and) <- ! -234(and) & ! -355(and)
 -389(and) <-    322(and) &   -388(and)
 -390(and) <-    310(and) &   -389(and)
  475(and) <- ! -171(and) &    474(and)
  477(and) <- ! -341(and) & ! -476(and)
  478(and) <-    475(and) &    477(and)
  479(and) <-    473(and) &    478(and)
  480(and) <-    472(and) &    479(and)
  481(and) <- ! -105(and) &    480(and)
  482(and) <- ! -366(and) &    481(and)
  483(and) <- ! -471(and) &    482(and)
  484(and) <- ! -470(and) &    483(and)
  504(and) <- ! -215(and) & ! -503(and)
 -391(and) <- ! -207(and) &   -390(and)
 -392(and) <- ! -133(and) &   -391(and)
  508(and) <-    504(and) &    507(and)
  509(and) <- ! -301(and) &    508(and)
  510(and) <- ! -297(and) &    509(and)
  511(and) <- ! -168(and) &    510(and)
  512(and) <- ! -113(and) &    511(and)
  513(and) <- ! -502(and) &    512(and)
 -393(and) <-   -124(and) &   -194(and)
 -443(and) <- ! -393(and) &   -442(and)
 -535(and) <- ! -443(and) &   -534(and)
 -494(and) <-   -114(and) &   -192(and)
  495(and) <- ! -117(and) & ! -334(and)
-2186(and) <-   -535(and) & ! 2175(and)
 2187(and) <- !  392(and) & !-2186(and)
-2188(and) <-    392(and) &  -2186(and)
  496(and) <- ! -494(and) &    495(and)
  497(and) <- ! -357(and) &    496(and)
  498(and) <- ! -314(and) &    497(and)
 2189(and) <- ! -133(and) & ! -467(and)
 2190(and) <- ! -218(and) &   2189(and)
  499(and) <- ! -233(and) &    498(and)
  500(and) <- ! -205(and) &    499(and)
 2191(and) <- ! -253(and) & ! -328(and)
 2192(and) <- ! -357(and) &   2191(and)
 2193(and) <- ! -325(and) &   2192(and)
 2194(and) <- ! -341(and) &   2193(and)
  501(and) <- ! -358(and) &    500(and)
 3640(and) <- ! -347(and) &    501(and)
 3641(and) <- ! -147(and) &   3640(and)
 3642(and) <-    513(and) &   3641(and)
 3643(and) <-    484(and) &   3642(and)
 3644(and) <-   -413(and) &   3643(and)
 2195(and) <-    780(and) &   2194(and)
 2196(and) <- ! -225(and) &   2195(and)
-3645(and) <-    403(and) &   3644(and)
-3646(and) <- ! -187(and) &  -3645(and)
-3647(and) <- ! -218(and) &  -3646(and)
-3648(and) <- ! -223(and) &  -3647(and)
 3650(and) <- !-3648(and) & !-3649(and)
-3779(and) <-   3650(and) & ! 3771(and)
 2197(and) <- ! -217(and) &   2196(and)
 2198(and) <- ! -166(and) &   2197(and)
-3919(and) <- !-3779(and) & ! 3781(and)
-3923(and) <- !-3919(and) &  -3922(and)
 4066(and) <-   3771(and) & !-3923(and)
-4067(and) <- ! 3913(and) & ! 4066(and)
-5229(and) <-  -2698(and) &  -4067(and)
 5230(and) <- !-5228(and) & !-5229(and)
-5231(and) <- ! -524(and) & ! 5230(and)
 2199(and) <- ! -205(and) &   2198(and)
 2200(and) <- ! -189(and) &   2199(and)
-5232(and) <- ! 5230(and) & !-5231(and)
 2687(and) <-    528(and) & ! -700(and)
 2201(and) <- ! -604(and) &   2200(and)
 2202(and) <- ! -756(and) &   2201(and)
-2688(and) <- !  528(and) &   -700(and)
-2689(and) <- ! 2687(and) & !-2688(and)
 2226(and) <-   2202(and) &   2225(and)
 2227(and) <-   2190(and) &   2226(and)
 2228(and) <- ! -327(and) &   2227(and)
 2229(and) <- ! -227(and) &   2228(and)
 2799(and) <- ! -531(and) &   2684(and)
-2800(and) <-  -2689(and) &   2799(and)
 2230(and) <- ! -176(and) &   2229(and)
 2231(and) <- ! -503(and) &   2230(and)
 2232(and) <- ! -366(and) &   2231(and)
 2233(and) <- ! -214(and) &   2232(and)
-5228(and) <-  -2800(and) & ! 3913(and)
  -26(and) <- !   -2(ci) & !    3(ci)
  -27(and) <- !   -1(ci) &    -26(and)
  -28(and) <- !   -4(ci) &    -27(and)
  -29(and) <- !    5(ci) &    -28(and)
  -30(and) <- !   -6(ci) &    -29(and)
  -31(and) <- !   -7(ci) &    -30(and)
  -32(and) <- !    8(ci) &    -31(and)
  -33(and) <- !    9(ci) &    -32(and)
  520(and) <-     15(ci) &     23(ci)
  -38(and) <- !  -14(ci) &    -37(and)
  -39(and) <- !   15(ci) &    -38(and)
  521(and) <-     15(ci) & !  -38(and)
  -34(and) <- !  -10(ci) &    -33(and)
  -35(and) <- !   11(ci) &    -34(and)
  -36(and) <- !   12(ci) &    -35(and)
  -37(and) <- !   13(ci) &    -36(and)
 -525(and) <- !   23(ci) & !  -37(and)
 -526(and) <-    -14(ci) & ! -525(and)
 -527(and) <- !  -14(ci) &   -525(and)
  528(and) <- ! -526(and) & ! -527(and)
 -522(and) <- !  -39(and) & !  521(and)
 -523(and) <- !   23(ci) &   -522(and)
  529(and) <- ! -524(and) &    528(and)
 -530(and) <-   -524(and) & !  528(and)
 -531(and) <- !  529(and) & ! -530(and)
-2698(and) <- ! -531(and) & ! 2684(and)
-5229(and) <-  -2698(and) &  -4067(and)
 5230(and) <- !-5228(and) & !-5229(and)
 -524(and) <- !  520(and) & ! -523(and)
 -709(and) <-   -524(and) & !  538(and)
 -711(and) <-    528(and) &   -710(and)
 -712(and) <- !  528(and) &    539(and)
  713(and) <- ! -711(and) & ! -712(and)
  714(and) <- ! -709(and) &    713(and)
 -726(and) <- !  685(and) &   -725(and)
 -734(and) <-   -731(and) &   -733(and)
  735(and) <- ! -726(and) & ! -734(and)
 -736(and) <-    714(and) & !  735(and)
 -742(and) <- ! -736(and) & !  741(and)
-5231(and) <- ! -524(and) & ! 5230(and)
 5233(and) <- ! -524(and) & !-5231(and)
-5234(and) <- !-5232(and) & ! 5233(and)
 5237(and) <- !-5234(and) & !-5236(and)
-5238(and) <- ! 5235(and) & !-5236(and)
-5239(and) <- ! 5237(and) & !-5238(and)
-5241(and) <-  -5239(and) &   5240(and)
 5243(and) <- !-5241(and) & !-5242(and)
-5245(and) <- ! 5243(and) &  -5244(and)
-5247(and) <- !-5245(and) & ! 5246(and)
 -703(and) <- !  685(and) & ! -702(and)
  550(and) <- ! -524(and) &    539(and)
 -561(and) <-   -443(and) &   -524(and)
  562(and) <-    538(and) & ! -561(and)
 -563(and) <- !  550(and) &    562(and)
 -564(and) <- ! -443(and) & !  528(and)
 -566(and) <- ! -563(and) &   -564(and)
-5248(and) <- !-5227(and) &  -5247(and)
 1121(and) <-    459(and) & ! -467(and)
 -565(and) <-   -563(and) & ! -564(and)
  704(and) <- ! -565(and) & ! -703(and)
 1122(and) <- ! -175(and) &   1121(and)
 1123(and) <- ! -213(and) &   1122(and)
 1124(and) <- ! -217(and) &   1123(and)
 1125(and) <- ! -503(and) &   1124(and)
 1126(and) <- ! -357(and) &   1125(and)
 1127(and) <- ! -344(and) &   1126(and)
  705(and) <- ! -566(and) &    704(and)
 -743(and) <- ! -703(and) & !  705(and)
-5214(and) <- ! -336(and) &  -1157(and)
-5215(and) <- ! -327(and) &  -5214(and)
 -706(and) <- ! -565(and) & !  705(and)
 -744(and) <- ! -566(and) &   -706(and)
-5216(and) <- ! -253(and) &  -5215(and)
-5217(and) <-    986(and) &  -5216(and)
-5218(and) <-    343(and) &  -5217(and)
-5219(and) <-   5028(and) &  -5218(and)
-5220(and) <-   2399(and) &  -5219(and)
-5221(and) <-   1127(and) &  -5220(and)
-5222(and) <- ! -126(and) &  -5221(and)
-5223(and) <- ! -225(and) &  -5222(and)
-5224(and) <- ! -216(and) &  -5223(and)
-5225(and) <- ! -355(and) &  -5224(and)
-5226(and) <- ! -505(and) &  -5225(and)
-5227(and) <- ! -756(and) &  -5226(and)
-5245(and) <- ! 5243(and) &  -5244(and)
-5247(and) <- !-5245(and) & ! 5246(and)
-5248(and) <- !-5227(and) &  -5247(and)
 5154(and) <-   2391(and) &   2457(and)
 5155(and) <-    472(and) &   5154(and)
 5156(and) <-    983(and) &   5155(and)
 5157(and) <-   2214(and) &   5156(and)
  745(and) <- ! -743(and) & ! -744(and)
  746(and) <- ! -742(and) &    745(and)
 5158(and) <-   1463(and) &   5157(and)
 5159(and) <-    999(and) &   5158(and)
-5160(and) <-  -3283(and) &   5159(and)
-5161(and) <- ! -137(and) &  -5160(and)
-5162(and) <- ! -175(and) &  -5161(and)
-5163(and) <- ! -126(and) &  -5162(and)
-5164(and) <- ! -342(and) &  -5163(and)
-5165(and) <- ! -369(and) &  -5164(and)
-5166(and) <- ! -335(and) &  -5165(and)
-5167(and) <- ! -505(and) &  -5166(and)
 -747(and) <-   -742(and) & !  745(and)
 -748(and) <- !  746(and) & ! -747(and)
-5168(and) <- !-5136(and) & ! 5139(and)
-5190(and) <-  -5170(and) & ! 5188(and)
-5191(and) <- ! 5189(and) & !-5190(and)
-5192(and) <- !-5168(and) &  -5191(and)
-5193(and) <-  -5168(and) & !-5191(and)
 5194(and) <- !-5192(and) & !-5193(and)
 5196(and) <- !-5167(and) &   5194(and)
-5195(and) <-  -5167(and) & ! 5194(and)
-5197(and) <- !-5195(and) & ! 5196(and)
-5198(and) <- ! 5147(and) &  -5197(and)
-5213(and) <- ! 5196(and) & !-5198(and)
-5249(and) <-  -5227(and) & !-5247(and)
 5250(and) <- !-5213(and) & !-5249(and)
 5251(and) <- !-5248(and) &   5250(and)
-5253(and) <- !-5248(and) & ! 5251(and)
-5295(and) <- !-5253(and) & !-5294(and)
-5297(and) <- ! 5292(and) &   5296(and)
 5298(and) <- !-5295(and) & !-5297(and)
-5253(and) <- !-5248(and) & ! 5251(and)
-5295(and) <- !-5253(and) & !-5294(and)
 5298(and) <- !-5295(and) & !-5297(and)
 5299(and) <- ! 5151(and) &   5298(and)
-5300(and) <- ! 5298(and) &   5299(and)
-5301(and) <-   5298(and) & ! 5299(and)
 5302(and) <- !-5300(and) & !-5301(and)
-5303(co) <- ! 5302(and) &  -5278(and)
<<<< done with ret 0
detecting error at node 5303!!!
    after: 1 1 0
 2169(and) <- ! -916(and) & !-2168(and)
-2170(and) <- ! -748(and) & ! 2169(and)
-2234(and) <-   -748(and) &   2169(and)
 2235(and) <- !-2170(and) & !-2234(and)
-2236(and) <- ! 2233(and) & ! 2235(and)
 2556(and) <- !-2236(and) & !-2555(and)
-2557(and) <- !-2187(and) & ! 2556(and)
-2558(and) <- !-2188(and) &  -2557(and)
 2559(and) <- !-2187(and) & !-2558(and)
 2576(and) <-   2559(and) &   2575(and)
-2577(and) <- ! 2559(and) & ! 2575(and)
-2578(and) <- ! 2576(and) & !-2577(and)
-2579(and) <-   -294(and) & !-2578(and)
 2594(and) <- !-2579(and) &   2593(and)
 2678(and) <-   2594(and) & !-2677(and)
-2679(and) <- !  274(and) & ! 2678(and)
-2681(and) <- !-2679(and) & ! 2680(and)
-3034(and) <-  -2681(and) & !-3033(and)
 3036(and) <- !-3034(and) & !-3035(and)
-3228(and) <- ! 3055(and) & ! 3227(and)
-3229(and) <- ! 3052(and) & !-3228(and)
-3230(and) <-   3036(and) &  -3229(and)
 3232(and) <- !-3230(and) & !-3231(and)
-3332(and) <-   3232(and) &  -3331(and)
 3567(and) <- !-3332(and) & !-3566(and)
-3674(and) <- ! 3567(and) &   3673(and)
 3676(and) <- !-3674(and) & !-3675(and)
-3677(and) <- !  270(and) &   3676(and)
 3751(and) <- !-3677(and) & !-3750(and)
-3886(and) <- ! 3751(and) &   3885(and)
 3888(and) <- !-3886(and) & !-3887(and)
 3892(and) <-   3888(and) & !-3891(and)
 4039(and) <-   3892(and) &   4038(and)
 4169(and) <-   4039(and) & !-4167(and)
 4281(and) <-   4169(and) &   4280(and)
 4388(and) <-   4281(and) &   4386(and)
 4499(and) <-   4388(and) &   4497(and)
 4608(and) <-   4499(and) &   4606(and)
 4702(and) <-   4608(and) &   4701(and)
 4799(and) <-   4702(and) &   4797(and)
 4878(and) <-   4799(and) &   4876(and)
 4961(and) <-   4878(and) &   4959(and)
 5021(and) <-   4961(and) &   5019(and)
 5087(and) <-   5021(and) &   5085(and)
 5151(and) <-   5087(and) & !-5149(and)
 5335(and) <- ! 5151(and) & ! 5324(and)
-5309(and) <- ! 5151(and) & ! 5298(and)
 5252(and) <- !-5213(and) & ! 5251(and)
-5254(and) <- !-5249(and) &  -5253(and)
-5255(and) <- ! 5252(and) & !-5254(and)
 5266(and) <- ! 5151(and) & !-5255(and)
-5199(and) <-   5147(and) & !-5197(and)
-5200(and) <- !-5198(and) & !-5199(and)
-5211(and) <- ! 5151(and) &  -5200(and)
 5150(and) <- ! 5087(and) &  -5149(and)
-5152(and) <- ! 5150(and) & ! 5151(and)
 5086(and) <- ! 5021(and) & ! 5085(and)
-5088(and) <- ! 5086(and) & ! 5087(and)
 5020(and) <- ! 4961(and) & ! 5019(and)
-5022(and) <- ! 5020(and) & ! 5021(and)
 4960(and) <- ! 4878(and) & ! 4959(and)
-4962(and) <- ! 4960(and) & ! 4961(and)
 4877(and) <- ! 4799(and) & ! 4876(and)
-4879(and) <- ! 4877(and) & ! 4878(and)
 4798(and) <- ! 4702(and) & ! 4797(and)
-4800(and) <- ! 4798(and) & ! 4799(and)
 4703(and) <- ! 4608(and) & ! 4701(and)
-4704(and) <- ! 4702(and) & ! 4703(and)
 4607(and) <- ! 4499(and) & ! 4606(and)
-4609(and) <- ! 4607(and) & ! 4608(and)
 4498(and) <- ! 4388(and) & ! 4497(and)
-4500(and) <- ! 4498(and) & ! 4499(and)
 4387(and) <- ! 4281(and) & ! 4386(and)
-4389(and) <- ! 4387(and) & ! 4388(and)
-4282(and) <-   4280(and) & ! 4281(and)
-4283(and) <-   4169(and) & ! 4281(and)
 4284(and) <- !-4282(and) & !-4283(and)
 4168(and) <- ! 4039(and) &  -4167(and)
-4170(and) <- ! 4168(and) & ! 4169(and)
-3893(and) <-   3888(and) & ! 3892(and)
-3894(and) <- !-3891(and) & ! 3892(and)
 3895(and) <- !-3893(and) & !-3894(and)
 4040(and) <- ! 3892(and) & ! 4038(and)
-4041(and) <- ! 4039(and) & ! 4040(and)
 4171(and) <-   3895(and) & !-4041(and)
 4285(and) <- !-4170(and) &   4171(and)
 4390(and) <-   4284(and) &   4285(and)
 4501(and) <- !-4389(and) &   4390(and)
 4610(and) <- !-4500(and) &   4501(and)
 4705(and) <- !-4609(and) &   4610(and)
 4801(and) <- !-4704(and) &   4705(and)
 4880(and) <- !-4800(and) &   4801(and)
 4963(and) <- !-4879(and) &   4880(and)
 5023(and) <- !-4962(and) &   4963(and)
 5089(and) <- !-5022(and) &   5023(and)
 5153(and) <- !-5088(and) &   5089(and)
 5212(and) <- !-5152(and) &   5153(and)
 5267(and) <- !-5211(and) &   5212(and)
-5310(and) <- ! 5266(and) &   5267(and)
-5336(and) <- !-5309(and) &  -5310(and)
-5353(and) <-   5335(and) &  -5336(and)
 1119(and) <-    447(and) &   1118(and)
 1120(and) <- ! -223(and) &   1119(and)
 5339(and) <-    603(and) &   2194(and)
 5340(and) <-    623(and) &   5339(and)
-5341(and) <-   1164(and) &   5340(and)
-5342(and) <-   1120(and) &  -5341(and)
-5343(and) <-   1002(and) &  -5342(and)
-5344(and) <-   3699(and) &  -5343(and)
-5345(and) <- ! -175(and) &  -5344(and)
-5346(and) <- ! -226(and) &  -5345(and)
-5347(and) <- ! -206(and) &  -5346(and)
-5348(and) <- ! -356(and) &  -5347(and)
-5349(and) <- ! -237(and) &  -5348(and)
 5350(and) <-  -5322(and) & !-5349(and)
  948(and) <-    577(and) &    653(and)
  949(and) <-    947(and) &    948(and)
  950(and) <-    946(and) &    949(and)
  951(and) <-    942(and) &    950(and)
  952(and) <- ! -218(and) &    951(and)
  953(and) <- ! -298(and) &    952(and)
  954(and) <- ! -147(and) &    953(and)
-5354(and) <-   4393(and) &  -5216(and)
-5355(and) <-    372(and) &  -5354(and)
-5356(and) <-   2564(and) &  -5355(and)
-5357(and) <-    954(and) &  -5356(and)
-5358(and) <- ! -143(and) &  -5357(and)
-5359(and) <- ! -151(and) &  -5358(and)
-5360(and) <- ! -207(and) &  -5359(and)
-5361(and) <- ! -139(and) &  -5360(and)
-5362(and) <- ! -445(and) &  -5361(and)
-5363(and) <- ! -297(and) &  -5362(and)
-5364(and) <- ! -205(and) &  -5363(and)
-5365(and) <- ! 5350(and) &  -5364(and)
 5366(and) <-   5350(and) & !-5364(and)
-5367(and) <- !-5365(and) & ! 5366(and)
-5388(and) <-  -5353(and) & !-5367(and)
 1012(and) <- ! -336(and) &   1011(and)
 1013(and) <- ! -174(and) &   1012(and)
 1014(and) <- ! -567(and) &   1013(and)
 1015(and) <- ! -350(and) &   1014(and)
 5373(and) <-    188(and) &    458(and)
 5374(and) <-   1015(and) &   5373(and)
 5375(and) <-    501(and) &   5374(and)
 5376(and) <-  -4715(and) &   5375(and)
 5377(and) <-    368(and) &   5376(and)
 5378(and) <- ! -193(and) &   5377(and)
 5379(and) <- ! -226(and) &   5378(and)
 5380(and) <- ! -311(and) &   5379(and)
 5381(and) <- ! -217(and) &   5380(and)
 5382(and) <- ! -212(and) &   5381(and)
 5383(and) <- ! -211(and) &   5382(and)
 5384(and) <- ! -569(and) &   5383(and)
-5385(and) <-   5366(and) & ! 5384(and)
-5386(and) <- ! 5366(and) &   5384(and)
 5387(and) <- !-5385(and) & !-5386(and)
 5335(and) <- ! 5151(and) & ! 5324(and)
-5353(and) <-   5335(and) &  -5336(and)
-5388(and) <-  -5353(and) & !-5367(and)
-5397(and) <- ! 5387(and) &  -5388(and)
-5398(and) <- !-5388(and) &  -5397(and)
-5399(and) <-  -5388(and) & !-5397(and)
 5400(and) <- !-5398(and) & !-5399(and)
-5351(and) <- !-5322(and) &  -5349(and)
 5352(and) <- ! 5350(and) & !-5351(and)
-5368(and) <- ! 5352(and) &  -5353(and)
 5370(and) <-  -5353(and) & !-5368(and)
-5401(co) <- ! 5400(and) &   5370(and)
<<<< done with ret 0
detecting error at node 5401!!!
    after: 1 1 0
^C
ysun22@proj53:/data/ssd/ysun/github/abc$

