1677742381.025363 client started (4438): version 2.6, socket /tmp/tmux-4963/default, protocol 8
1677742381.025413 on Linux 4.15.0-158-generic #166-Ubuntu SMP Fri Sep 17 19:37:52 UTC 2021; libevent 2.1.8-stable (poll)
1677742381.025458 socket is /tmp/tmux-4963/default
1677742381.025479 trying connect
1677742381.025643 add peer 0x555fb710cac0: 6 ((nil))
1677742381.025751 sending message 100 to peer 0x555fb710cac0 (4 bytes)
1677742381.025765 sending message 101 to peer 0x555fb710cac0 (20 bytes)
1677742381.025775 sending message 102 to peer 0x555fb710cac0 (11 bytes)
1677742381.025784 sending message 108 to peer 0x555fb710cac0 (40 bytes)
1677742381.025813 sending message 104 to peer 0x555fb710cac0 (0 bytes)
1677742381.025826 sending message 107 to peer 0x555fb710cac0 (4 bytes)
1677742381.025836 sending message 105 to peer 0x555fb710cac0 (25 bytes)
1677742381.025851 sending message 105 to peer 0x555fb710cac0 (14 bytes)
1677742381.025861 sending message 105 to peer 0x555fb710cac0 (204 bytes)
1677742381.025871 sending message 105 to peer 0x555fb710cac0 (1516 bytes)
1677742381.025895 sending message 105 to peer 0x555fb710cac0 (43 bytes)
1677742381.025905 sending message 105 to peer 0x555fb710cac0 (53 bytes)
1677742381.025914 sending message 105 to peer 0x555fb710cac0 (34 bytes)
1677742381.025924 sending message 105 to peer 0x555fb710cac0 (17 bytes)
1677742381.025933 sending message 105 to peer 0x555fb710cac0 (32 bytes)
1677742381.025942 sending message 105 to peer 0x555fb710cac0 (36 bytes)
1677742381.025951 sending message 105 to peer 0x555fb710cac0 (14 bytes)
1677742381.025960 sending message 105 to peer 0x555fb710cac0 (7 bytes)
1677742381.025970 sending message 105 to peer 0x555fb710cac0 (22 bytes)
1677742381.025979 sending message 105 to peer 0x555fb710cac0 (11 bytes)
1677742381.025988 sending message 105 to peer 0x555fb710cac0 (38 bytes)
1677742381.025997 sending message 105 to peer 0x555fb710cac0 (36 bytes)
1677742381.026006 sending message 105 to peer 0x555fb710cac0 (44 bytes)
1677742381.026015 sending message 105 to peer 0x555fb710cac0 (17 bytes)
1677742381.026025 sending message 105 to peer 0x555fb710cac0 (51 bytes)
1677742381.026034 sending message 105 to peer 0x555fb710cac0 (35 bytes)
1677742381.026043 sending message 105 to peer 0x555fb710cac0 (31 bytes)
1677742381.026053 sending message 105 to peer 0x555fb710cac0 (46 bytes)
1677742381.026062 sending message 105 to peer 0x555fb710cac0 (65 bytes)
1677742381.026071 sending message 105 to peer 0x555fb710cac0 (45 bytes)
1677742381.026081 sending message 105 to peer 0x555fb710cac0 (11 bytes)
1677742381.026090 sending message 105 to peer 0x555fb710cac0 (27 bytes)
1677742381.026099 sending message 105 to peer 0x555fb710cac0 (30 bytes)
1677742381.026108 sending message 105 to peer 0x555fb710cac0 (19 bytes)
1677742381.026117 sending message 105 to peer 0x555fb710cac0 (21 bytes)
1677742381.026126 sending message 105 to peer 0x555fb710cac0 (16 bytes)
1677742381.026136 sending message 105 to peer 0x555fb710cac0 (8 bytes)
1677742381.026145 sending message 105 to peer 0x555fb710cac0 (18 bytes)
1677742381.026154 sending message 105 to peer 0x555fb710cac0 (47 bytes)
1677742381.026164 sending message 105 to peer 0x555fb710cac0 (14 bytes)
1677742381.026173 sending message 105 to peer 0x555fb710cac0 (54 bytes)
1677742381.026182 sending message 105 to peer 0x555fb710cac0 (31 bytes)
1677742381.026192 sending message 105 to peer 0x555fb710cac0 (478 bytes)
1677742381.026202 sending message 105 to peer 0x555fb710cac0 (23 bytes)
1677742381.026211 sending message 105 to peer 0x555fb710cac0 (44 bytes)
1677742381.026220 sending message 105 to peer 0x555fb710cac0 (32 bytes)
1677742381.026229 sending message 105 to peer 0x555fb710cac0 (16 bytes)
1677742381.026239 sending message 105 to peer 0x555fb710cac0 (16 bytes)
1677742381.026253 sending message 106 to peer 0x555fb710cac0 (0 bytes)
1677742381.026263 sending message 200 to peer 0x555fb710cac0 (4 bytes)
1677742381.026273 client loop enter
1677742381.033985 peer 0x555fb710cac0 message 207
1677742381.034023 sending message 208 to peer 0x555fb710cac0 (0 bytes)
1677742385.195669 peer 0x555fb710cac0 message 201
1677742385.195715 sending message 205 to peer 0x555fb710cac0 (0 bytes)
1677742385.196515 peer 0x555fb710cac0 message 204
1677742385.196530 client loop exit
